<?xml version="1.0" encoding="UTF-8"?>
<testsuite name="com.incubyte.StringCalculatorShould" tests="6" skipped="0" failures="0" errors="0" timestamp="2022-02-07T11:12:23" hostname="SWEETIE" time="0.033">
  <properties/>
  <testcase name="return_sum_of_numbers_when_seperated_by_commas_or_slashN_or_custom_seperators()" classname="com.incubyte.StringCalculatorShould" time="0.026"/>
  <testcase name="return_number_if_single_number_is_passed()" classname="com.incubyte.StringCalculatorShould" time="0.0"/>
  <testcase name="return_0_if_empty_string()" classname="com.incubyte.StringCalculatorShould" time="0.001"/>
  <testcase name="return_sum_of_numbers_when_seperated_by_commas_or_slashN()" classname="com.incubyte.StringCalculatorShould" time="0.001"/>
  <testcase name="return_sum_of_numbers_when_seperated_by_commas()" classname="com.incubyte.StringCalculatorShould" time="0.001"/>
  <testcase name="return_sum_of_numbers_and_disallow_negatives()" classname="com.incubyte.StringCalculatorShould" time="0.001"/>
  <system-out><![CDATA[,|
|;
,|
|;
]]></system-out>
  <system-err><![CDATA[]]></system-err>
</testsuite>
